processing
	etcsri-conll//P216736_Q001444.conll done
	etcsri-conll//P226456_Q001838.conll done
	etcsri-conll//P226513_Q001753.conll done
	etcsri-conll//P226523_Q001768.conll done
	etcsri-conll//P226633_Q001767.conll done
	etcsri-conll//P226719_Q001854.conll done
	etcsri-conll//P226811_Q001766.conll done
	etcsri-conll//P226946_Q001765.conll done
	etcsri-conll//P226975_Q001751.conll done
	etcsri-conll//P227171_Q004428.conll done
	etcsri-conll//P254348_Q004878.conll done
	etcsri-conll//P254349_Q004879.conll done
	etcsri-conll//P254350_Q004880.conll done
	etcsri-conll//P254351_Q004874.conll done
	etcsri-conll//P270058_Q005029.conll 
warning: translitation error in "ma-an-x" 
warning: translitation error in "_" done
	etcsri-conll//P315446_Q004898.conll done
	etcsri-conll//P315451_Q004255.conll 
warning: translitation error in "_" 
warning: translitation error in "_" 
warning: translitation error in "_" done
	etcsri-conll//P429946_Q001714.conll done
	etcsri-conll//P429947_Q004981.conll 
warning: translitation error in "lu₂-x-x" 
warning: translitation error in "lu₂-x-x" done
	etcsri-conll//P429949_Q004431.conll done
	etcsri-conll//P429950_Q001829.conll done
	etcsri-conll//P429952_Q001707.conll done
	etcsri-conll//P429954_Q004356.conll done
	etcsri-conll//P429957_Q004359.conll done
	etcsri-conll//P430113_Q004361.conll 
warning: translitation error in "nu-x" 
warning: translitation error in "_" done
	etcsri-conll//P430114_Q004360.conll done
	etcsri-conll//P430122_Q004363.conll 
warning: translitation error in "_" done
	etcsri-conll//P430131_Q004122.conll done
	etcsri-conll//P430133_Q004281.conll done
	etcsri-conll//P430134_Q001841.conll done
	etcsri-conll//P430135_Q004949.conll done
	etcsri-conll//P430143_Q001833.conll done
	etcsri-conll//P430144_Q001832.conll done
	etcsri-conll//P430145_Q004118.conll 
warning: translitation error in "da-x-x" 
warning: translitation error in "da-x-x" done
	etcsri-conll//P430146_Q004368.conll done
	etcsri-conll//P430147_Q004369.conll 
warning: translitation error in "i₃-li₂-x-x" 
warning: translitation error in "i₃-li₂-x-x" done
	etcsri-conll//P430148_Q004371.conll done
	etcsri-conll//P430154_Q004124.conll done
	etcsri-conll//P430159_Q004284.conll done
	etcsri-conll//P430161_Q001703.conll 
warning: translitation error in "be-li₂-DU₁₀" 
warning: translitation error in "be-li₂-DU₁₀" done
	etcsri-conll//P430167_Q004375.conll 
warning: translitation error in "x-x" 
warning: translitation error in "_" done
	etcsri-conll//P430170_Q004127.conll 
warning: translitation error in "_" done
	etcsri-conll//P430172_Q004377.conll done
	etcsri-conll//P430182_Q001006.conll 
warning: translitation error in "pi₅-ša-ah-DINGIR" 
warning: translitation error in "pi₅-ša-ah-DINGIR" done
	etcsri-conll//P430186_Q004381.conll 
warning: translitation error in "_" done
	etcsri-conll//P430188_Q004918.conll 
warning: translitation error in "kurunₓ(|DIN.KAŠ|)-a-gal" 
warning: translitation error in "kurunₓ(|DIN.KAŠ|)-a-gal" done
	etcsri-conll//P430197_Q004383.conll done
	etcsri-conll//P430198_Q004294.conll done
	etcsri-conll//P430203_Q004129.conll done
	etcsri-conll//P430204_Q001805.conll 
warning: translitation error in "ṣi-lu-uš-{d}da-gan" 
warning: translitation error in "ṣi-lu-uš-{d}da-gan" 
warning: translitation error in "i-bi₂-{d}IŠKUR" 
warning: translitation error in "i-bi₂-{d}IŠKUR" done
	etcsri-conll//P430213_Q004295.conll done
	etcsri-conll//P430220_Q004296.conll 
warning: translitation error in "DIŊIR-ba-ni" 
warning: translitation error in "DIŊIR-ba-ni" done
	etcsri-conll//P430229_Q001710.conll done
	etcsri-conll//P430251_Q004394.conll done
	etcsri-conll//P430253_Q004397.conll done
	etcsri-conll//P430255_Q004298.conll done
	etcsri-conll//P430262_Q004413.conll 
warning: translitation error in "lu₂-x" 
warning: translitation error in "lu₂-x" done
	etcsri-conll//P430269_Q004308.conll 
warning: translitation error in "_" done
	etcsri-conll//P430276_Q004412.conll 
warning: translitation error in "lu₂-x-x" 
warning: translitation error in "lu₂-x-x" done
	etcsri-conll//P430277_Q004965.conll done
	etcsri-conll//P430283_Q004300.conll done
	etcsri-conll//P430289_Q004302.conll done
	etcsri-conll//P430295_Q004425.conll 
warning: translitation error in "lugal-x" 
warning: translitation error in "lugal-x" 
warning: translitation error in "x-x" 
warning: translitation error in "x-x" done
	etcsri-conll//P430300_Q001734.conll 
warning: translitation error in "i-tur₂-DIŊIR" 
warning: translitation error in "i-tur₂-DIŊIR" 
warning: translitation error in "|KAN₄.DIŊIR|{ki}-ka" 
warning: translitation error in "|KAN₄.DIŊIR|{ki}" done
	etcsri-conll//P430310_Q004419.conll done
	etcsri-conll//P430313_Q004135.conll done
	etcsri-conll//P430323_Q004312.conll done
	etcsri-conll//P430326_Q004313.conll done
	etcsri-conll//P430330_Q004418.conll done
	etcsri-conll//P430333_Q004400.conll done
	etcsri-conll//P430343_Q004136.conll done
	etcsri-conll//P430350_Q004971.conll done
	etcsri-conll//P430353_Q004404.conll done
	etcsri-conll//P430354_Q004137.conll done
	etcsri-conll//P430369_Q004409.conll 
warning: translitation error in "a-da-x" 
warning: translitation error in "a-da-x" done
	etcsri-conll//P430373_Q004411.conll done
	etcsri-conll//P430378_Q004986.conll 
warning: translitation error in "i-di₃-x" 
warning: translitation error in "i-di₃-x" done
	etcsri-conll//P430382_Q001701.conll done
	etcsri-conll//P430383_Q001728.conll 
warning: translitation error in "|BAD₃.AN.KI|" 
warning: translitation error in "|BAD₃.AN.KI|" done
	etcsri-conll//P430385_Q004426.conll done
	etcsri-conll//P430390_Q004140.conll done
	etcsri-conll//P430392_Q004318.conll done
	etcsri-conll//P430398_Q004321.conll done
	etcsri-conll//P430400_Q004315.conll done
	etcsri-conll//P430401_Q004352.conll 
warning: translitation error in "na-wi-ir-DIŊIR" 
warning: translitation error in "na-wi-ir-DIŊIR" done
	etcsri-conll//P430412_Q004942.conll done
	etcsri-conll//P430413_Q004995.conll done
	etcsri-conll//P430418_Q004435.conll done
	etcsri-conll//P430419_Q004436.conll 
warning: translitation error in "nu-ur₂-{d}UTU" 
warning: translitation error in "nu-ur₂-{d}UTU" done
	etcsri-conll//P430423_Q004900.conll 
warning: translitation error in "puzur₄-x" 
warning: translitation error in "puzur₄-x" 
warning: translitation error in "KA-x" 
warning: translitation error in "KA-x" done
	etcsri-conll//P430424_Q004901.conll done
	etcsri-conll//P430426_Q004996.conll done
	etcsri-conll//P430428_Q004325.conll done
	etcsri-conll//P430437_Q004997.conll done
	etcsri-conll//P430439_Q001726.conll 
warning: translitation error in "|BAD₃.AN.KI|" 
warning: translitation error in "|BAD₃.AN.KI|" 
warning: translitation error in "ri-iṣ-DINGIR" 
warning: translitation error in "ri-iṣ-DINGIR" done
	etcsri-conll//P430440_Q001915.conll 
warning: translitation error in "ṣi-lu-uš-{d}da-gan" 
warning: translitation error in "ṣi-lu-uš-{d}da-gan" done
	etcsri-conll//P430442_Q004437.conll done
	etcsri-conll//P430449_Q004327.conll done
	etcsri-conll//P430453_Q005003.conll 
warning: translitation error in "ur-x" 
warning: translitation error in "ur-x" done
	etcsri-conll//P430454_Q004927.conll done
	etcsri-conll//P430459_Q004331.conll done
	etcsri-conll//P430462_Q004905.conll done
	etcsri-conll//P430465_Q004147.conll done
	etcsri-conll//P430466_Q004907.conll done
	etcsri-conll//P430472_Q001699.conll 
warning: translitation error in "GEME₂-{d}suen" 
warning: translitation error in "GEME₂-{d}suen" done
	etcsri-conll//P430477_Q005007.conll done
	etcsri-conll//P430478_Q004445.conll 
warning: translitation error in "|BAD₃.AN.KI|" 
warning: translitation error in "|BAD₃.AN.KI|" 
warning: translitation error in "_" 
warning: translitation error in "_" 
warning: translitation error in "_" done
	etcsri-conll//P430479_Q004444.conll 
warning: translitation error in "_" done
	etcsri-conll//P430480_Q004149.conll done
	etcsri-conll//P430482_Q004447.conll done
	etcsri-conll//P430485_Q001725.conll done
	etcsri-conll//P430486_Q004440.conll done
	etcsri-conll//P430487_Q005008.conll 
warning: translitation error in "{d}šu-{d}suen-i-TI-ib-ši-na-at" 
warning: translitation error in "{d}šu-{d}suen-i-TI-ib-ši-na-at" done
	etcsri-conll//P430489_Q004441.conll done
	etcsri-conll//P430490_Q004904.conll done
	etcsri-conll//P430492_Q004910.conll done
	etcsri-conll//P430494_Q004334.conll 
warning: translitation error in "_" done
	etcsri-conll//P430500_Q004349.conll 
warning: translitation error in "ur-x" 
warning: translitation error in "ur-x" 
warning: translitation error in "x-x" 
warning: translitation error in "_" done
	etcsri-conll//P430514_Q004156.conll 
warning: translitation error in "_" 
warning: translitation error in "ur₂-ra-x" 
warning: translitation error in "ur₂-ra-x" 
warning: translitation error in "x-x" 
warning: translitation error in "_" 
warning: translitation error in "MU-x" 
warning: translitation error in "_" done
	etcsri-conll//P430519_Q004151.conll done
	etcsri-conll//P430521_Q004913.conll done
	etcsri-conll//P430525_Q004152.conll done
	etcsri-conll//P430537_Q004930.conll done
	etcsri-conll//P430541_Q004923.conll 
warning: translitation error in "MU" 
warning: translitation error in "_" 
warning: translitation error in "_" 
warning: translitation error in "_" done
	etcsri-conll//P430554_Q004916.conll 
warning: translitation error in "e₂-x" 
warning: translitation error in "e₂-x" done
	etcsri-conll//P430562_Q004937.conll done
	etcsri-conll//P430563_Q005020.conll done
	etcsri-conll//P430567_Q001702.conll 
warning: translitation error in "kud-da-x" 
warning: translitation error in "kud-da-x" done
	etcsri-conll//P430569_Q004933.conll 
warning: translitation error in "lugal-KA-x" 
warning: translitation error in "lugal-KA-x" 
warning: translitation error in "_" 
warning: translitation error in "_" done
	etcsri-conll//P430571_Q004344.conll done
	etcsri-conll//P430576_Q004919.conll done
	etcsri-conll//P430577_Q004346.conll done
	etcsri-conll//P430587_Q004155.conll done
	etcsri-conll//P430612_Q004160.conll done
	etcsri-conll//P430613_Q004922.conll 
warning: translitation error in "ur-x" 
warning: translitation error in "ur-x" done
	etcsri-conll//P430614_Q004928.conll done
	etcsri-conll//P430617_Q004348.conll done
	etcsri-conll//P430621_Q004935.conll done
	etcsri-conll//P430625_Q004936.conll done
	etcsri-conll//P430628_Q004350.conll done
	etcsri-conll//P430632_Q004358.conll done
	etcsri-conll//P430635_Q001858.conll done
	etcsri-conll//P430637_Q004373.conll done
	etcsri-conll//P430639_Q004386.conll done
	etcsri-conll//P430645_Q004415.conll done
	etcsri-conll//P430646_Q004929.conll done
	etcsri-conll//P430649_Q004134.conll done
	etcsri-conll//P430652_Q004422.conll done
	etcsri-conll//P430655_Q004991.conll done
	etcsri-conll//P430656_Q004143.conll done
	etcsri-conll//P430657_Q004434.conll done
	etcsri-conll//P430658_Q001868.conll done
	etcsri-conll//P430660_Q004446.conll 
warning: translitation error in "{d}šul-gi-x" 
warning: translitation error in "{d}šul-gi-x" done
	etcsri-conll//P430661_Q005014.conll done
	etcsri-conll//P430662_Q005018.conll done
	etcsri-conll//P430663_Q004915.conll done
	etcsri-conll//P432113_Q001619.conll done
	etcsri-conll//P432115_Q000937.conll done
	etcsri-conll//P432116_Q001620.conll done
	etcsri-conll//P432117_Q001621.conll done
	etcsri-conll//P432118_Q001622.conll done
	etcsri-conll//P432119_Q001623.conll done
	etcsri-conll//P432120_Q000938.conll done
	etcsri-conll//P432123_Q000941.conll done
	etcsri-conll//P432124_Q000942.conll done
	etcsri-conll//P432125_Q000943.conll done
	etcsri-conll//P432126_Q000944.conll done
	etcsri-conll//P432127_Q000945.conll 
warning: translitation error in "ki-saₓ(SAR)-a" 
warning: translitation error in "ki-saₓ(SAR)" done
	etcsri-conll//P432128_Q001624.conll 
warning: translitation error in "_" 
warning: translitation error in "_" 
warning: translitation error in "_" 
warning: translitation error in "{gi}sumurₓ(KA)-ta" 
warning: translitation error in "{gi}sumurₓ(KA)" done
	etcsri-conll//P432129_Q000946.conll 
warning: translitation error in "_" 
warning: translitation error in "_" 
warning: translitation error in "_" 
warning: translitation error in "_" 
warning: translitation error in "{ninda}nindaₓ(DU)" 
warning: translitation error in "{ninda}nindaₓ(DU)" done
	etcsri-conll//P432130_Q000947.conll 
warning: translitation error in "_" 
warning: translitation error in "_" 
warning: translitation error in "_" 
warning: translitation error in "_" 
warning: translitation error in "x-AN" 
warning: translitation error in "_" 
warning: translitation error in "_" 
warning: translitation error in "AN" 
warning: translitation error in "_" 
warning: translitation error in "_" 
warning: translitation error in "_" 
warning: translitation error in "NI" 
warning: translitation error in "_" 
warning: translitation error in "BI" 
warning: translitation error in "_" 
warning: translitation error in "_" 
warning: translitation error in "_" 
warning: translitation error in "_" 
warning: translitation error in "_" 
warning: translitation error in "_" 
warning: translitation error in "_" 
warning: translitation error in "_" 
warning: translitation error in "_" 
warning: translitation error in "_" 
warning: translitation error in "_" 
warning: translitation error in "_" 
warning: translitation error in "_" 
warning: translitation error in "_" 
warning: translitation error in "_" 
warning: translitation error in "_" 
warning: translitation error in "_" 
warning: translitation error in "_" 
warning: translitation error in "_" 
warning: translitation error in "_" 
warning: translitation error in "_" 
warning: translitation error in "_" 
warning: translitation error in "_" 
warning: translitation error in "_" 
warning: translitation error in "_" 
warning: translitation error in "_" 
warning: translitation error in "_" 
warning: translitation error in "_" 
warning: translitation error in "_" 
warning: translitation error in "_" 
warning: translitation error in "_" 
warning: translitation error in "_" 
warning: translitation error in "_" 
warning: translitation error in "_" 
warning: translitation error in "_" 
warning: translitation error in "_" 
warning: translitation error in "_" 
warning: translitation error in "_" 
warning: translitation error in "_" 
warning: translitation error in "_" 
warning: translitation error in "MU" 
warning: translitation error in "_" 
warning: translitation error in "_" 
warning: translitation error in "_" 
warning: translitation error in "_" 
warning: translitation error in "_" 
warning: translitation error in "BA" 
warning: translitation error in "_" 
warning: translitation error in "_" 
warning: translitation error in "_" 
warning: translitation error in "_" 
warning: translitation error in "_" 
warning: translitation error in "_" 
warning: translitation error in "NAM" 
warning: translitation error in "_" 
warning: translitation error in "_" 
warning: translitation error in "_" 
warning: translitation error in "AN" 
warning: translitation error in "_" 
warning: translitation error in "_" 
warning: translitation error in "_" 
warning: translitation error in "_" 
warning: translitation error in "_" 
warning: translitation error in "_" 
warning: translitation error in "_" 
warning: translitation error in "hu-mu-un-da-an-x" 
warning: translitation error in "_" 
warning: translitation error in "he₂-mi-x" 
warning: translitation error in "_" done
	etcsri-conll//P432133_Q001628.conll done
	etcsri-conll//P432135_Q000950.conll done
	etcsri-conll//P432136_Q000951.conll done
	etcsri-conll//P432137_Q001629.conll done
	etcsri-conll//P432138_Q000952.conll 
warning: translitation error in "{gi}sumurₓ(KA)-ta" 
warning: translitation error in "{gi}sumurₓ(KA)" done
	etcsri-conll//P432141_Q001632.conll done
	etcsri-conll//P432142_Q001633.conll done
	etcsri-conll//P432143_Q000953.conll done
	etcsri-conll//P432145_Q000955.conll done
	etcsri-conll//P432146_Q001634.conll done
	etcsri-conll//P432147_Q000956.conll done
	etcsri-conll//P432148_Q001635.conll done
	etcsri-conll//P432150_Q000958.conll done
	etcsri-conll//P432151_Q001636.conll done
	etcsri-conll//P432152_Q001637.conll done
	etcsri-conll//P432153_Q001638.conll done
	etcsri-conll//P432154_Q001639.conll done
	etcsri-conll//P432155_Q001640.conll done
	etcsri-conll//P432156_Q001641.conll done
	etcsri-conll//P432158_Q001643.conll done
	etcsri-conll//P432159_Q001644.conll 
warning: translitation error in "_" 
warning: translitation error in "_" 
warning: translitation error in "_" done
	etcsri-conll//P432160_Q001645.conll done
	etcsri-conll//P432161_Q001646.conll 
warning: translitation error in "|SI.A|-tum" 
warning: translitation error in "|SI.A|-tum" done
	etcsri-conll//P432162_Q001647.conll 
warning: translitation error in "_" 
warning: translitation error in "_" done
	etcsri-conll//P432163_Q001648.conll done
	etcsri-conll//P432164_Q000959.conll done
	etcsri-conll//P432166_Q001651.conll done
	etcsri-conll//P432167_Q001652.conll done
	etcsri-conll//P432168_Q000960.conll done
	etcsri-conll//P432169_Q000961.conll done
	etcsri-conll//P432170_Q001653.conll done
	etcsri-conll//P432171_Q000962.conll done
	etcsri-conll//P432172_Q001654.conll done
	etcsri-conll//P432173_Q001655.conll done
	etcsri-conll//P432174_Q000963.conll done
	etcsri-conll//P432179_Q001656.conll done
	etcsri-conll//P432180_Q001657.conll done
	etcsri-conll//P432181_Q000968.conll done
	etcsri-conll//P432182_Q001658.conll done
	etcsri-conll//P432183_Q000969.conll done
	etcsri-conll//P432184_Q001660.conll done
	etcsri-conll//P432185_Q000971.conll done
	etcsri-conll//P432186_Q000972.conll done
	etcsri-conll//P432187_Q000973.conll done
	etcsri-conll//P432189_Q001662.conll 
warning: translitation error in "_" 
warning: translitation error in "UGU₂" 
warning: translitation error in "_" 
warning: translitation error in "{NA₄}NA.RU₂.A" 
warning: translitation error in "_" 
warning: translitation error in "LIBIR.RA" 
warning: translitation error in "_" 
warning: translitation error in "_" 
warning: translitation error in "_" 
warning: translitation error in "_" 
warning: translitation error in "GU₂-DU₈-A{KI}" 
warning: translitation error in "_" 
warning: translitation error in "IM" 
warning: translitation error in "_" 
warning: translitation error in "GID₂.DA" 
warning: translitation error in "_" 
warning: translitation error in "{m}{d}EN-TIN-iṭ" 
warning: translitation error in "_" 
warning: translitation error in "DUB.SAR" 
warning: translitation error in "_" done
	etcsri-conll//P432192_Q000974.conll done
	etcsri-conll//P432194_Q000975.conll done
	etcsri-conll//P432195_Q000976.conll done
	etcsri-conll//P432196_Q000977.conll done
	etcsri-conll//P432201_Q001673.conll done
	etcsri-conll//P432202_Q001674.conll done
	etcsri-conll//P432203_Q000979.conll done
	etcsri-conll//P432204_Q001675.conll done
	etcsri-conll//P432205_Q001676.conll 
warning: translitation error in "_" done
	etcsri-conll//P432206_Q001678.conll done
	etcsri-conll//P432207_Q001679.conll done
	etcsri-conll//P432208_Q001680.conll done
	etcsri-conll//P432210_Q001682.conll 
warning: translitation error in "_" done
	etcsri-conll//P432211_Q001683.conll 
warning: translitation error in "_" done
	etcsri-conll//P432212_Q001684.conll 
warning: translitation error in "_" done
	etcsri-conll//P432213_Q001685.conll done
	etcsri-conll//P432215_Q001687.conll done
	etcsri-conll//P432216_Q001688.conll 
warning: translitation error in "bad₃-x-ŋu₁₀" done
	etcsri-conll//P432217_Q001689.conll 
warning: translitation error in "_" 
warning: translitation error in "_" 
warning: translitation error in "_" 
warning: translitation error in "mu-x-x" 
warning: translitation error in "_" 
warning: translitation error in "in-na-x" 
warning: translitation error in "_" done
	etcsri-conll//P432218_Q001690.conll done
	etcsri-conll//P432219_Q001691.conll done
	etcsri-conll//P432220_Q001692.conll done
	etcsri-conll//P432221_Q001693.conll done
	etcsri-conll//P432222_Q001694.conll done
	etcsri-conll//P432223_Q001695.conll 
warning: translitation error in "|BAD₃.AN.KI|" 
warning: translitation error in "|BAD₃.AN.KI|" done
	etcsri-conll//P432225_Q001698.conll 
warning: translitation error in "|SI.A|-tum" 
warning: translitation error in "|SI.A|-tum" 
warning: translitation error in "_" 
warning: translitation error in "_" 
warning: translitation error in "_" done
	etcsri-conll//P432226_Q001704.conll done
	etcsri-conll//P432227_Q001715.conll done
	etcsri-conll//P432228_Q001717.conll 
warning: translitation error in "ki-uri-x" done
	etcsri-conll//P432230_Q001720.conll 
warning: translitation error in "nin-|TUR.TUR|-ŋu₁₀" 
warning: translitation error in "nin-|TUR.TUR|-ŋu₁₀" done
	etcsri-conll//P432231_Q001729.conll done
	etcsri-conll//P432232_Q001732.conll done
	etcsri-conll//P432233_Q001738.conll done
	etcsri-conll//P432234_Q001739.conll 
warning: translitation error in "UN-gal" 
warning: translitation error in "UN-gal" done
	etcsri-conll//P432235_Q001740.conll done
	etcsri-conll//P432238_Q001758.conll done
	etcsri-conll//P432240_Q001760.conll 
warning: translitation error in "šennuₓ(|ME.AD.KU₃|)" 
warning: translitation error in "šennuₓ(|ME.AD.KU₃|)" done
	etcsri-conll//P432241_Q001761.conll done
	etcsri-conll//P432242_Q001762.conll 
warning: translitation error in "DIŊIR-ba-ni" 
warning: translitation error in "DIŊIR-ba-ni" done
	etcsri-conll//P432243_Q001763.conll 
warning: translitation error in "HA-ZI-x" 
warning: translitation error in "HA-ZI-x" 
warning: translitation error in "mu-x" 
warning: translitation error in "_" done
	etcsri-conll//P432244_Q001764.conll done
	etcsri-conll//P432249_Q001769.conll done
	etcsri-conll//P432250_Q001770.conll done
	etcsri-conll//P432251_Q001772.conll 
warning: translitation error in "_" 
warning: translitation error in "_" done
	etcsri-conll//P432252_Q001773.conll 
warning: translitation error in "_" 
warning: translitation error in "_" 
warning: translitation error in "_" done
	etcsri-conll//P432253_Q001774.conll 
warning: translitation error in "_" 
warning: translitation error in "_" 
warning: translitation error in "_" 
warning: translitation error in "_" 
warning: translitation error in "_" done
	etcsri-conll//P432254_Q001775.conll done
	etcsri-conll//P432257_Q001789.conll done
	etcsri-conll//P432258_Q001790.conll 
warning: translitation error in "u₆-nir-x" done
	etcsri-conll//P432259_Q000982.conll done
	etcsri-conll//P432260_Q001791.conll done
	etcsri-conll//P432261_Q001792.conll done
	etcsri-conll//P432262_Q001793.conll 
warning: translitation error in "_" done
	etcsri-conll//P432264_Q000984.conll 
warning: translitation error in "šutugₓ(|PAD.UD|)" 
warning: translitation error in "šutugₓ(|PAD.UD|)" done
	etcsri-conll//P432265_Q000985.conll done
	etcsri-conll//P432267_Q001795.conll done
	etcsri-conll//P432268_Q000986.conll done
	etcsri-conll//P432269_Q000987.conll done
	etcsri-conll//P432272_Q000990.conll done
	etcsri-conll//P432274_Q001797.conll done
	etcsri-conll//P432275_Q001799.conll 
warning: translitation error in "_" 
warning: translitation error in "_" 
warning: translitation error in "_" 
warning: translitation error in "_" 
warning: translitation error in "|EN.DIM₂.KI|" 
warning: translitation error in "_" 
warning: translitation error in "_" 
warning: translitation error in "GIŠ" 
warning: translitation error in "_" 
warning: translitation error in "_" 
warning: translitation error in "_" 
warning: translitation error in "ta₂-di₃-in-{d}INANA" 
warning: translitation error in "ta₂-di₃-in-{d}INANA" done
	etcsri-conll//P432277_Q001808.conll 
warning: translitation error in "e₂-UG-ti-ke₄" 
warning: translitation error in "e₂-UG-ti" done
	etcsri-conll//P432278_Q001809.conll done
	etcsri-conll//P432280_Q000992.conll done
	etcsri-conll//P432282_Q001813.conll 
warning: translitation error in "_" done
	etcsri-conll//P432284_Q001816.conll done
	etcsri-conll//P432285_Q000996.conll done
	etcsri-conll//P432286_Q000997.conll 
warning: translitation error in "u₂-ṣa-ar-ŋar-ša-na{ki}" 
warning: translitation error in "u₂-ṣa-ar-ŋar-ša-na{ki}" 
warning: translitation error in "|NI.HI|{ki}" 
warning: translitation error in "|NI.HI|{ki}" done
	etcsri-conll//P432287_Q001817.conll done
	etcsri-conll//P432288_Q000998.conll done
	etcsri-conll//P432289_Q000999.conll done
	etcsri-conll//P432290_Q001000.conll done
	etcsri-conll//P432291_Q001818.conll done
	etcsri-conll//P432292_Q001001.conll done
	etcsri-conll//P432293_Q001002.conll done
	etcsri-conll//P432294_Q001003.conll done
	etcsri-conll//P432295_Q001819.conll 
warning: translitation error in "_" done
	etcsri-conll//P432296_Q001820.conll done
	etcsri-conll//P432297_Q001821.conll done
	etcsri-conll//P432298_Q001822.conll done
	etcsri-conll//P432299_Q001823.conll done
	etcsri-conll//P432300_Q001824.conll 
warning: translitation error in "_" 
warning: translitation error in "_" done
	etcsri-conll//P432301_Q001825.conll done
	etcsri-conll//P432302_Q001826.conll 
warning: translitation error in "|A.AB.BA|-ba-aš₂-ti" 
warning: translitation error in "|A.AB.BA|-ba-aš₂-ti" done
	etcsri-conll//P432303_Q001830.conll done
	etcsri-conll//P432305_Q001845.conll done
	etcsri-conll//P432306_Q001846.conll done
	etcsri-conll//P432307_Q001005.conll done
	etcsri-conll//P432308_Q001849.conll 
warning: translitation error in "kad₅(PAP)" done
	etcsri-conll//P432309_Q001851.conll done
	etcsri-conll//P432310_Q001852.conll done
	etcsri-conll//P432312_Q001859.conll done
	etcsri-conll//P432313_Q001860.conll 
warning: translitation error in "šennuₓ(|ME.AD.KU₃|)" 
warning: translitation error in "šennuₓ(|ME.AD.KU₃|)" done
	etcsri-conll//P432314_Q001869.conll 
warning: translitation error in "x-x-TI-a-ke₄" 
warning: translitation error in "_" done
	etcsri-conll//P432315_Q001870.conll 
warning: translitation error in "|AN.ZA|" 
warning: translitation error in "|AN.ZA|" done
	etcsri-conll//P432316_Q001871.conll done
	etcsri-conll//P432317_Q001872.conll done
	etcsri-conll//P432318_Q001873.conll done
	etcsri-conll//P432319_Q001874.conll done
	etcsri-conll//P432320_Q001875.conll 
warning: translitation error in "_" 
warning: translitation error in "_" 
warning: translitation error in "_" done
	etcsri-conll//P432321_Q001876.conll done
	etcsri-conll//P432323_Q001007.conll 
warning: translitation error in "_" done
	etcsri-conll//P432324_Q001878.conll 
warning: translitation error in "_" 
warning: translitation error in "_" 
warning: translitation error in "_" done
	etcsri-conll//P432325_Q001879.conll 
warning: translitation error in "_" 
warning: translitation error in "_" done
	etcsri-conll//P432326_Q001880.conll 
warning: translitation error in "_" 
warning: translitation error in "DI" 
warning: translitation error in "_" 
warning: translitation error in "_" 
warning: translitation error in "GAR" 
warning: translitation error in "_" 
warning: translitation error in "_" 
warning: translitation error in "_" 
warning: translitation error in "_" 
warning: translitation error in "_" 
warning: translitation error in "_" 
warning: translitation error in "_" 
warning: translitation error in "_" 
warning: translitation error in "_" done
	etcsri-conll//P432327_Q001881.conll 
warning: translitation error in "_" 
warning: translitation error in "_" 
warning: translitation error in "_" 
warning: translitation error in "GA" 
warning: translitation error in "_" 
warning: translitation error in "_" 
warning: translitation error in "_" 
warning: translitation error in "_" 
warning: translitation error in "_" done
	etcsri-conll//P432328_Q001882.conll 
warning: translitation error in "_" 
warning: translitation error in "_" 
warning: translitation error in "_" 
warning: translitation error in "_" 
warning: translitation error in "_" 
warning: translitation error in "mu-x-x" 
warning: translitation error in "_" 
warning: translitation error in "x-x-ri-ni{ki}" 
warning: translitation error in "x-x-ri-ni{ki}" 
warning: translitation error in "mu-x-x" 
warning: translitation error in "_" 
warning: translitation error in "x-x{ki}" 
warning: translitation error in "x-x{ki}" 
warning: translitation error in "_" 
warning: translitation error in "_" 
warning: translitation error in "_" 
warning: translitation error in "_" 
warning: translitation error in "_" 
warning: translitation error in "_" 
warning: translitation error in "_" done
	etcsri-conll//P432331_Q001885.conll done
	etcsri-conll//P432333_Q001887.conll 
warning: translitation error in "_" 
warning: translitation error in "_" done
	etcsri-conll//P432334_Q001888.conll 
warning: translitation error in "_" 
warning: translitation error in "x-x" 
warning: translitation error in "_" done
	etcsri-conll//P432335_Q004896.conll done
	etcsri-conll//P432338_Q004897.conll 
warning: translitation error in "_" 
warning: translitation error in "_" done
	etcsri-conll//P432339_Q001893.conll 
warning: translitation error in "_" done
	etcsri-conll//P432340_Q001894.conll 
warning: translitation error in "_" 
warning: translitation error in "_" done
	etcsri-conll//P432341_Q001895.conll 
warning: translitation error in "_" done
	etcsri-conll//P432342_Q001896.conll 
warning: translitation error in "_" done
	etcsri-conll//P432343_Q001008.conll 
warning: translitation error in "_" done
	etcsri-conll//P432344_Q001897.conll 
warning: translitation error in "_" 
warning: translitation error in "_" 
warning: translitation error in "_" done
	etcsri-conll//P432345_Q001898.conll done
	etcsri-conll//P432346_Q001899.conll done
	etcsri-conll//P432347_Q001900.conll 
warning: translitation error in "x-ni-ku₄-ku₄-x" done
	etcsri-conll//P432348_Q001901.conll done
	etcsri-conll//P432349_Q001902.conll done
	etcsri-conll//P432350_Q001903.conll done
	etcsri-conll//P432351_Q001904.conll done
	etcsri-conll//P432352_Q001905.conll done
	etcsri-conll//P432353_Q001906.conll done
	etcsri-conll//P432354_Q001907.conll done
	etcsri-conll//P432355_Q001908.conll 
warning: translitation error in "_" 
warning: translitation error in "SAR" 
warning: translitation error in "_" done
	etcsri-conll//P432356_Q001909.conll done
	etcsri-conll//P432357_Q001910.conll 
warning: translitation error in "_" done
	etcsri-conll//P432359_Q001912.conll 
warning: translitation error in "x-x-da-x-x" 
warning: translitation error in "x-x-da-x-x" done
	etcsri-conll//P432360_Q001913.conll done
	etcsri-conll//P432361_Q001914.conll 
warning: translitation error in "_" done
	etcsri-conll//P432362_Q001916.conll 
warning: translitation error in "šennuₓ(|ME.AD.KU₃|)" 
warning: translitation error in "šennuₓ(|ME.AD.KU₃|)" done
	etcsri-conll//P432363_Q001009.conll 
warning: translitation error in "šennuₓ(|ME.AD.KU₃|)" 
warning: translitation error in "šennuₓ(|ME.AD.KU₃|)" done
	etcsri-conll//P432723_Q000936.conll done
	etcsri-conll//P454269_Q004159.conll done
	etcsri-conll//P454330_Q004364.conll done
	etcsri-conll//P454813_Q001863.conll 
warning: translitation error in "A₂-i₃-li₂" 
warning: translitation error in "A₂-i₃-li₂" 
warning: translitation error in "x-MU" 
warning: translitation error in "x-MU" done
	etcsri-conll//P454922_Q004288.conll done
	etcsri-conll//P454951_Q001708.conll 
warning: translitation error in "e₂-nun-IL₂" 
warning: translitation error in "e₂-nun-IL₂" done
	etcsri-conll//P454952_Q001711.conll done
	etcsri-conll//P454989_Q004320.conll 
warning: translitation error in "kurunₓ(|DIN.KAŠ|)-a-gal" 
warning: translitation error in "kurunₓ(|DIN.KAŠ|)-a-gal" done
	etcsri-conll//P454999_Q001865.conll done
	etcsri-conll//P455120_Q001733.conll done
	etcsri-conll//P455341_Q001737.conll done
	etcsri-conll//P455498_Q004301.conll done
	etcsri-conll//P455840_Q001712.conll done
	etcsri-conll//P456393_Q004934.conll done
	etcsri-conll//P456489_Q001853.conll done
	etcsri-conll//P456609_Q004316.conll done
	etcsri-conll//P456616_Q004317.conll done
	etcsri-conll//P456685_Q001798.conll done
	etcsri-conll//P456696_Q001843.conll done
	etcsri-conll//P456697_Q001842.conll done
	etcsri-conll//P456735_Q001840.conll 
warning: translitation error in "ṣi-lu-uš-{d}da-gan" 
warning: translitation error in "ṣi-lu-uš-{d}da-gan" done
	etcsri-conll//P456756_Q001722.conll done
	etcsri-conll//P456757_Q001721.conll done
	etcsri-conll//P456758_Q001828.conll 
warning: translitation error in "um-mi-DUG₃" 
warning: translitation error in "um-mi-DUG₃" done
	etcsri-conll//P456762_Q001827.conll 
warning: translitation error in "šag₄-bi-x-x" 
warning: translitation error in "šag₄-bi-x-x" done
	etcsri-conll//P456767_Q004380.conll done
	etcsri-conll//P456802_Q004330.conll done
	etcsri-conll//P456879_Q004148.conll done
	etcsri-conll//P456916_Q004332.conll done
	etcsri-conll//P456975_Q004303.conll done
	etcsri-conll//P456987_Q001723.conll 
warning: translitation error in "tu-li-id-UTU{ši}" 
warning: translitation error in "tu-li-id-UTU{ši}" done
	etcsri-conll//P456988_Q001724.conll 
warning: translitation error in "tu-li₂-id-UTU{ši}" 
warning: translitation error in "tu-li₂-id-UTU{ši}" 
warning: translitation error in "arad₂-e₂-x-x-x" 
warning: translitation error in "arad₂-e₂-x-x-x" done
	etcsri-conll//P457078_Q004335.conll done
	etcsri-conll//P457287_Q004345.conll done
	etcsri-conll//P457395_Q004158.conll done
	etcsri-conll//P457795_Q004909.conll 
warning: translitation error in "i-x" 
warning: translitation error in "i-x" done
	etcsri-conll//P457815_Q004944.conll 
warning: translitation error in "_" done
	etcsri-conll//P458053_Q001727.conll 
warning: translitation error in "|BAD₃.AN.KI|-ka" 
warning: translitation error in "|BAD₃.AN.KI|" done
	etcsri-conll//P458144_Q004146.conll done
	etcsri-conll//P458156_Q001730.conll done
	etcsri-conll//P458158_Q001731.conll done
	etcsri-conll//P458195_Q001752.conll done
	etcsri-conll//P458247_Q004128.conll 
warning: translitation error in "da-x" 
warning: translitation error in "da-x" 
warning: translitation error in "_" done
	etcsri-conll//P458253_Q004126.conll 
warning: translitation error in "_" done
	etcsri-conll//P458282_Q004956.conll 
warning: translitation error in "_" done
	etcsri-conll//P458284_Q004974.conll done
	etcsri-conll//P458285_Q004985.conll done
	etcsri-conll//P458288_Q005005.conll 
warning: translitation error in "puzur₅-x" 
warning: translitation error in "puzur₅-x" done
	etcsri-conll//P458290_Q005009.conll 
warning: translitation error in "_" 
warning: translitation error in "_" done
	etcsri-conll//P458291_Q005019.conll done
	etcsri-conll//P458293_Q005013.conll done
	etcsri-conll//P458294_Q001857.conll done
	etcsri-conll//P458296_Q004960.conll 
warning: translitation error in "e₂-x" 
warning: translitation error in "_" done
	etcsri-conll//P458390_Q004389.conll done
	etcsri-conll//P458393_Q004378.conll done
	etcsri-conll//P458396_Q004395.conll done
	etcsri-conll//P458399_Q004423.conll done
	etcsri-conll//P458404_Q004943.conll done
	etcsri-conll//P458405_Q004939.conll done
	etcsri-conll//P458414_Q004902.conll 
warning: translitation error in "DIŊIR-ba-ni" 
warning: translitation error in "DIŊIR-ba-ni" done
	etcsri-conll//P458417_Q004912.conll done
	etcsri-conll//P458422_Q004328.conll done
	etcsri-conll//P458423_Q004282.conll done
	etcsri-conll//P458424_Q004286.conll done
	etcsri-conll//P458425_Q001709.conll done
	etcsri-conll//P458428_Q004324.conll done
	etcsri-conll//P458433_Q004326.conll done
	etcsri-conll//P458497_Q001747.conll done
	etcsri-conll//P458498_Q001864.conll 
warning: translitation error in "_" done
	etcsri-conll//P458499_Q001862.conll done
	etcsri-conll//P458502_Q001837.conll done
	etcsri-conll//P458506_Q001705.conll 
warning: translitation error in "_" done
	etcsri-conll//P458507_Q001706.conll done
	etcsri-conll//P458508_Q001719.conll done
	etcsri-conll//P458514_Q001802.conll 
warning: translitation error in "lu₂-x" 
warning: translitation error in "lu₂-x" done
	etcsri-conll//P458516_Q001735.conll 
warning: translitation error in "i-tur₂-DIŊIR" 
warning: translitation error in "i-tur₂-DIŊIR" 
warning: translitation error in "|KAN₄.DIŊIR|{ki}" 
warning: translitation error in "|KAN₄.DIŊIR|{ki}" 
warning: translitation error in "i-ṣur-DIŊIR" 
warning: translitation error in "i-ṣur-DIŊIR" done
	etcsri-conll//P458519_Q001754.conll done
	etcsri-conll//P458520_Q001744.conll 
warning: translitation error in "_" done
	etcsri-conll//P458521_Q001743.conll done
	etcsri-conll//P458522_Q001742.conll done
	etcsri-conll//P458523_Q001745.conll done
	etcsri-conll//P458524_Q001741.conll done
	etcsri-conll//P458529_Q001804.conll done
	etcsri-conll//P458535_Q001700.conll done
	etcsri-conll//P458547_Q001755.conll 
warning: translitation error in "a-bu-DU₁₀" 
warning: translitation error in "a-bu-DU₁₀" done
	etcsri-conll//P458560_Q001746.conll done
	etcsri-conll//P458581_Q001649.conll done
	etcsri-conll//P458586_Q001856.conll done
	etcsri-conll//P458587_Q004133.conll done
	etcsri-conll//P458590_Q004113.conll 
warning: translitation error in "a-bu-DU₁₀" 
warning: translitation error in "a-bu-DU₁₀" done
	etcsri-conll//P458591_Q001807.conll done
	etcsri-conll//P458592_Q004125.conll done
	etcsri-conll//P458595_Q004131.conll 
warning: translitation error in "lu₂-x" 
warning: translitation error in "_" 
warning: translitation error in "_" done
	etcsri-conll//P458596_Q004130.conll done
	etcsri-conll//P458597_Q001803.conll done
	etcsri-conll//P458598_Q004153.conll done
	etcsri-conll//P458599_Q004157.conll done
	etcsri-conll//P458601_Q004353.conll done
	etcsri-conll//P458605_Q004145.conll done
	etcsri-conll//P458607_Q004123.conll 
warning: translitation error in "A-x" 
warning: translitation error in "A-x" 
warning: translitation error in "NI-x" 
warning: translitation error in "NI-x" done
	etcsri-conll//P458611_Q004112.conll 
warning: translitation error in "_" done
	etcsri-conll//P458614_Q004117.conll 
warning: translitation error in "_" 
warning: translitation error in "AN-mu-ta₂-pil" 
warning: translitation error in "AN-mu-ta₂-pil" done
	etcsri-conll//P458615_Q004132.conll done
	etcsri-conll//P458616_Q004138.conll done
	etcsri-conll//P458617_Q001806.conll done
	etcsri-conll//P458619_Q004141.conll done
	etcsri-conll//P458623_Q004115.conll done
	etcsri-conll//P458624_Q001800.conll done
	etcsri-conll//P458626_Q004988.conll done
	etcsri-conll//P458627_Q001861.conll done
	etcsri-conll//P458628_Q004967.conll done
	etcsri-conll//P458629_Q004973.conll done
	etcsri-conll//P458630_Q005021.conll 
warning: translitation error in "_" done
	etcsri-conll//P458632_Q004993.conll 
warning: translitation error in "_" done
	etcsri-conll//P458635_Q005001.conll done
	etcsri-conll//P458636_Q005023.conll done
	etcsri-conll//P458637_Q005006.conll 
warning: translitation error in "{d}šul-gi-{d}UTU{ši}" 
warning: translitation error in "{d}šul-gi-{d}UTU{ši}" done
	etcsri-conll//P458638_Q004999.conll done
	etcsri-conll//P458640_Q004953.conll done
	etcsri-conll//P458641_Q005028.conll done
	etcsri-conll//P458642_Q004976.conll done
	etcsri-conll//P458643_Q004954.conll done
	etcsri-conll//P458644_Q004955.conll done
	etcsri-conll//P458645_Q001866.conll done
	etcsri-conll//P458648_Q001855.conll done
	etcsri-conll//P458650_Q001867.conll done
	etcsri-conll//P458652_Q004959.conll done
	etcsri-conll//P458655_Q004963.conll 
warning: translitation error in "_" done
	etcsri-conll//P458656_Q004964.conll done
	etcsri-conll//P458658_Q004968.conll done
	etcsri-conll//P458659_Q004966.conll done
	etcsri-conll//P458660_Q004970.conll done
	etcsri-conll//P458661_Q004972.conll done
	etcsri-conll//P458663_Q004984.conll done
	etcsri-conll//P458664_Q005027.conll done
	etcsri-conll//P458666_Q004987.conll done
	etcsri-conll//P458667_Q004994.conll done
	etcsri-conll//P458669_Q005025.conll done
	etcsri-conll//P458672_Q005017.conll done
	etcsri-conll//P458674_Q005012.conll done
	etcsri-conll//P458675_Q005016.conll done
	etcsri-conll//P458676_Q004989.conll done
	etcsri-conll//P458677_Q004990.conll done
	etcsri-conll//P458681_Q004983.conll done
	etcsri-conll//P458682_Q005000.conll done
	etcsri-conll//P458683_Q005022.conll done
	etcsri-conll//P458684_Q005010.conll done
	etcsri-conll//P458686_Q004975.conll 
warning: translitation error in "nu-ur₂-{d}UTU" 
warning: translitation error in "nu-ur₂-{d}UTU" done
	etcsri-conll//P458688_Q004952.conll 
warning: translitation error in "_" done
	etcsri-conll//P458690_Q004962.conll done
	etcsri-conll//P458691_Q004979.conll 
warning: translitation error in "lu₂-{d}x-x" 
warning: translitation error in "lu₂-{d}x-x" 
warning: translitation error in "in-x" 
warning: translitation error in "_" done
	etcsri-conll//P458698_Q005024.conll done
	etcsri-conll//P458708_Q004947.conll 
warning: translitation error in "{d}šu-{d}suen-KAL" 
warning: translitation error in "{d}šu-{d}suen-KAL" done
	etcsri-conll//P458709_Q001834.conll done
	etcsri-conll//P458710_Q001836.conll done
	etcsri-conll//P458713_Q004932.conll done
	etcsri-conll//P458714_Q004367.conll done
	etcsri-conll//P458715_Q004355.conll done
	etcsri-conll//P458716_Q004416.conll done
	etcsri-conll//P458718_Q004365.conll done
	etcsri-conll//P458720_Q004357.conll 
warning: translitation error in "_" done
	etcsri-conll//P458721_Q004372.conll 
warning: translitation error in "_" done
	etcsri-conll//P458723_Q004948.conll 
warning: translitation error in "da-x-x-za-ti-da" 
warning: translitation error in "da-x-x-za-ti-da" done
	etcsri-conll//P458725_Q001844.conll done
	etcsri-conll//P458727_Q004384.conll done
	etcsri-conll//P458728_Q004391.conll 
warning: translitation error in "lagarₓ(|SAL.HU.BA|)" 
warning: translitation error in "lagarₓ(|SAL.HU.BA|)" done
	etcsri-conll//P458729_Q004387.conll 
warning: translitation error in "ib-ni-{d}IŠKUR" 
warning: translitation error in "ib-ni-{d}IŠKUR" done
	etcsri-conll//P458730_Q004388.conll done
	etcsri-conll//P458731_Q004393.conll 
warning: translitation error in "x-IL₂" 
warning: translitation error in "_" done
	etcsri-conll//P458732_Q004407.conll 
warning: translitation error in "_" done
	etcsri-conll//P458733_Q001839.conll done
	etcsri-conll//P458734_Q004402.conll done
	etcsri-conll//P458735_Q004406.conll done
	etcsri-conll//P458736_Q004408.conll 
warning: translitation error in "a₂-x-x" 
warning: translitation error in "a₂-x-x" done
	etcsri-conll//P458738_Q004410.conll done
	etcsri-conll//P458740_Q001831.conll done
	etcsri-conll//P458741_Q004417.conll done
	etcsri-conll//P458742_Q004421.conll 
warning: translitation error in "lugal-mah-x" 
warning: translitation error in "lugal-mah-x" done
	etcsri-conll//P458745_Q004951.conll 
warning: translitation error in "ME-{d}ištaran" 
warning: translitation error in "ME-{d}ištaran" 
warning: translitation error in "{d}adad-ILLAT" 
warning: translitation error in "{d}adad-ILLAT" done
	etcsri-conll//P458746_Q004427.conll 
warning: translitation error in "ur-x" 
warning: translitation error in "ur-x" done
	etcsri-conll//P458747_Q001835.conll done
	etcsri-conll//P458748_Q004430.conll 
warning: translitation error in "ur-x" 
warning: translitation error in "ur-x" done
	etcsri-conll//P458754_Q004906.conll done
	etcsri-conll//P458756_Q004924.conll done
	etcsri-conll//P458757_Q004940.conll done
	etcsri-conll//P458762_Q004920.conll done
	etcsri-conll//P458765_Q004921.conll done
	etcsri-conll//P458767_Q004938.conll done
	etcsri-conll//P458769_Q004914.conll done
	etcsri-conll//P458772_Q004443.conll done
	etcsri-conll//P458780_Q004442.conll done
	etcsri-conll//P458782_Q004946.conll 
warning: translitation error in "a-hu-DU₁₀" 
warning: translitation error in "a-hu-DU₁₀" done
	etcsri-conll//P458788_Q004362.conll 
warning: translitation error in "EN-x" 
warning: translitation error in "EN-x" done
	etcsri-conll//P458790_Q004392.conll done
	etcsri-conll//P458791_Q004390.conll 
warning: translitation error in "iš-me-DIŊIR" 
warning: translitation error in "iš-me-DIŊIR" done
	etcsri-conll//P458794_Q004432.conll done
	etcsri-conll//P458795_Q004433.conll done
	etcsri-conll//P458798_Q004911.conll done
	etcsri-conll//P458800_Q004917.conll done
	etcsri-conll//P458807_Q004908.conll done
	etcsri-conll//P458809_Q004931.conll done
	etcsri-conll//P458810_Q004366.conll 
warning: translitation error in "al-x" 
warning: translitation error in "al-x" 
warning: translitation error in "_" done
	etcsri-conll//P458811_Q004374.conll 
warning: translitation error in "_" done
	etcsri-conll//P458812_Q004396.conll done
	etcsri-conll//P458813_Q004398.conll 
warning: translitation error in "lu₂-a-da-x" 
warning: translitation error in "lu₂-a-da-x" 
warning: translitation error in "_" done
	etcsri-conll//P458815_Q004399.conll done
	etcsri-conll//P458818_Q004925.conll 
warning: translitation error in "arad₂-x" 
warning: translitation error in "arad₂-x" done
	etcsri-conll//P458822_Q004439.conll 
warning: translitation error in "x-x" 
warning: translitation error in "_" 
warning: translitation error in "_" 
warning: translitation error in "_" 
warning: translitation error in "_" 
warning: translitation error in "_" done
	etcsri-conll//P458827_Q004903.conll 
warning: translitation error in "_" done
	etcsri-conll//P458829_Q004376.conll done
	etcsri-conll//P458830_Q004420.conll done
	etcsri-conll//P458835_Q004926.conll done
	etcsri-conll//P458836_Q004278.conll done
	etcsri-conll//P458838_Q004333.conll done
	etcsri-conll//P458841_Q004280.conll done
	etcsri-conll//P458842_Q001748.conll done
	etcsri-conll//P458843_Q004287.conll done
	etcsri-conll//P458844_Q004292.conll done
	etcsri-conll//P458845_Q004290.conll done
	etcsri-conll//P458846_Q004291.conll done
	etcsri-conll//P458848_Q004304.conll 
warning: translitation error in "ab-ba-x-x" 
warning: translitation error in "ab-ba-x-x" done
	etcsri-conll//P458849_Q004299.conll done
	etcsri-conll//P458850_Q004305.conll done
	etcsri-conll//P458851_Q004307.conll 
warning: translitation error in "er₃-ra-x" 
warning: translitation error in "er₃-ra-x" done
	etcsri-conll//P458852_Q004314.conll 
warning: translitation error in "lugal-x" 
warning: translitation error in "lugal-x" done
	etcsri-conll//P458853_Q004311.conll done
	etcsri-conll//P458858_Q004343.conll done
	etcsri-conll//P458860_Q001757.conll done
	etcsri-conll//P458861_Q004338.conll 
warning: translitation error in "_" done
	etcsri-conll//P458862_Q004339.conll done
	etcsri-conll//P458863_Q004351.conll 
warning: translitation error in "_" done
	etcsri-conll//P458864_Q004319.conll done
	etcsri-conll//P458866_Q004279.conll 
warning: translitation error in "_" done
	etcsri-conll//P458867_Q001750.conll done
	etcsri-conll//P458868_Q004347.conll done
	etcsri-conll//P458870_Q001736.conll 
warning: translitation error in "i-tur₂-DIŊIR" 
warning: translitation error in "i-tur₂-DIŊIR" 
warning: translitation error in "|KAN₄.DIŊIR|{ki}-ma" 
warning: translitation error in "|KAN₄.DIŊIR|{ki}" done
	etcsri-conll//P458871_Q004285.conll done
	etcsri-conll//P458872_Q004289.conll done
	etcsri-conll//P458873_Q004293.conll done
	etcsri-conll//P458874_Q004297.conll done
	etcsri-conll//P458875_Q001749.conll done
	etcsri-conll//P458876_Q004309.conll 
warning: translitation error in "lu₂-x" 
warning: translitation error in "lu₂-x" 
warning: translitation error in "_" done
	etcsri-conll//P458877_Q004306.conll 
warning: translitation error in "lu₂-{d}nin-x" 
warning: translitation error in "lu₂-{d}nin-x" 
warning: translitation error in "ur-x" 
warning: translitation error in "ur-x" done
	etcsri-conll//P458878_Q004340.conll done
	etcsri-conll//P458880_Q004310.conll done
	etcsri-conll//P458881_Q004323.conll done
	etcsri-conll//P458882_Q004336.conll done
	etcsri-conll//P458883_Q004337.conll done
	etcsri-conll//P458884_Q001756.conll done
	etcsri-conll//P458886_Q004283.conll done
	etcsri-conll//P458888_Q004322.conll done
	etcsri-conll//P459154_Q000965.conll done
	etcsri-conll//P459180_Q001681.conll done
	etcsri-conll//P461015_Q000967.conll done
	etcsri-conll//P461406_Q000940.conll done
	etcsri-conll//P461438_Q000949.conll done
	etcsri-conll//P461630_Q001642.conll done
	etcsri-conll//P461696_Q000939.conll done
	etcsri-conll//P461700_Q000957.conll done
	etcsri-conll//P461895_Q001796.conll done
	etcsri-conll//P464303_Q004950.conll done
	etcsri-conll//P465365_Q000980.conll 
warning: translitation error in "ME-{d}en-lil₂" 
warning: translitation error in "ME-{d}en-lil₂" done
	etcsri-conll//P465383_Q001670.conll 
warning: translitation error in "_" 
warning: translitation error in "_" 
warning: translitation error in "_" 
warning: translitation error in "|NE.EŠ₂|" 
warning: translitation error in "|NE.EŠ₂|" 
warning: translitation error in "x-x{ki}" 
warning: translitation error in "x-x{ki}" 
warning: translitation error in "ib₂-x" 
warning: translitation error in "_" done
	etcsri-conll//P465384_Q001671.conll 
warning: translitation error in "_" 
warning: translitation error in "_" 
warning: translitation error in "da-wa-a-x" 
warning: translitation error in "da-wa-a-x" 
warning: translitation error in "ensi₂(|PA.TE.SI|)" 
warning: translitation error in "_" 
warning: translitation error in "_" 
warning: translitation error in "ensi₂(|PA.TE.SI|)" 
warning: translitation error in "x-x-ma-at" 
warning: translitation error in "x-x-ma-at" 
warning: translitation error in "ensi₂(|PA.TE.SI|)" 
warning: translitation error in "x-x-la₂-ka" 
warning: translitation error in "x-x-la₂-ka" 
warning: translitation error in "x-x-a" 
warning: translitation error in "x-x-a" done
	etcsri-conll//P465387_Q001716.conll done
	etcsri-conll//P465396_Q001990.conll 
warning: translitation error in "_" done
1/2(diš)
1/3(diš)
1/3(diš@v)
2/3(diš)
2/3(diš@v)
1/4(diš)
5/6(diš)
1/8(diš)
1(ban2)
2(ban2)
3(ban2)
4(ban2)
4(ban2@v)
5(ban2)
5(ban2@v)
1(barig)
2(barig)
3(barig)
4(barig)
5(barig)
1(burʾu)
2(burʾu)
3(burʾu)
3(burʾu@v)
4(burʾu)
5(burʾu)
1(bur3)
2(bur3)
3(bur3)
4(bur3)
5(bur3)
6(bur3)
7(bur3)
8(bur3)
9(bur3)
1(diš)
2(diš)
2(diš@v)
3(diš)
3(diš@v)
4(diš)
4(diš@v)
4(diš@v@v)
5(diš)
6(diš)
7(diš)
7(diš@v)
8(diš)
8(diš@v)
9(diš)
9(diš@v)
1(diš@t)
2(diš@t)
3(diš@t)
1(gešʾu)
2(gešʾu)
3(gešʾu)
4(gešʾu)
5(gešʾu)
